<?xml version="1.0" encoding="UTF-8"?>
<!-- Generated by org.testng.reporters.JUnitReportReporter -->
<testsuite name="testDemo.DemoTest" tests="1" time="0.019" ignored="0" failures="0" timestamp="12 Jun 2018 09:15:32 GMT" skipped="0" hostname="LT-ECOM-2F068" errors="0">
  <testcase name="hello" time="0.019" classname="testDemo.DemoTest"/>
</testsuite> <!-- testDemo.DemoTest -->
