<?xml version="1.0" encoding="UTF-8"?>
<!-- Generated by org.testng.reporters.JUnitReportReporter -->
<testsuite name="testDemo.DemoOneTest" tests="1" time="0.000" ignored="0" failures="0" timestamp="12 Jun 2018 11:53:22 GMT" skipped="0" hostname="LT-ECOM-2F068" errors="0">
  <testcase name="hello" time="0.000" classname="testDemo.DemoOneTest"/>
</testsuite> <!-- testDemo.DemoOneTest -->
